This file contains any messages produced by compilers while
running configure, to aid debugging if configure makes a mistake.

It was created by GNU Automake configure 1.18.1, which was
generated by GNU Autoconf 2.72.  Invocation command line was

  $ ../configure --prefix=/home/22082/automake-1.18.1/build/am

## --------- ##
## Platform. ##
## --------- ##

hostname = LAPTOP-EIS2HJA1
uname -m = x86_64
uname -r = 3.6.9-01d6c708.x86_64
uname -s = MINGW64_NT-10.0-26200
uname -v = 2026-05-24 10:45 UTC

/usr/bin/uname -p = unknown
/bin/uname -X     = unknown

/bin/arch              = x86_64
/usr/bin/arch -k       = unknown
/usr/convex/getsysinfo = unknown
/usr/bin/hostinfo      = unknown
/bin/machine           = unknown
/usr/bin/oslevel       = unknown
/bin/universe          = unknown

PATH: /ucrt64/bin/
PATH: /usr/local/bin/
PATH: /usr/bin/
PATH: /bin/
PATH: /c/Windows/System32/
PATH: /c/Windows/
PATH: /c/Windows/System32/Wbem/
PATH: /c/Windows/System32/WindowsPowerShell/v1.0/
PATH: /usr/bin/site_perl/
PATH: /usr/bin/vendor_perl/
PATH: /usr/bin/core_perl/


## ----------- ##
## Core tests. ##
## ----------- ##

configure:1959: loading site script /etc/config.site
| # This file is in public domain.
| # Original author: Karlson2k (Evgeny Grin)
| # Written for MSys2 to help running 'configure' scripts
| 
| # Defaults for MSys2/MinGW64-targeted programs
| 
| # Set proper selfname on bash and fallback to default name on other shells
| test -n "${BASH_SOURCE}" 2>/dev/null && config_site_me="${BASH_SOURCE[0]##*/}" || config_site_me=config.site
| 
| # Set default 'host' to speedup configure
| if test -z "$build_alias"; then
|   build_alias="${MSYSTEM_CHOST}"  && \
|     ${as_echo-echo} "$config_site_me:${as_lineno-$LINENO}: default build_alias set to $build_alias" >&5
| fi
| 
| # Set default 'prefix'
| if ( test -z "$prefix" || test "x$prefix" = "xNONE" ) && \
|     ( test -z "$exec_prefix" || test "x$exec_prefix" = "xNONE" ); then
|   prefix="${MSYSTEM_PREFIX}" && \
|     ${as_echo-echo} "$config_site_me:${as_lineno-$LINENO}: default prefix set to $prefix" >&5
| fi
config.site:13: default build_alias set to x86_64-w64-mingw32
configure:2542: looking for aux files: compile missing install-sh config.guess config.sub
configure:2555:  trying ../lib/
configure:2584:   ../lib/compile found
configure:2584:   ../lib/missing found
configure:2566:   ../lib/install-sh found
configure:2584:   ../lib/config.guess found
configure:2584:   ../lib/config.sub found
configure:2708: checking whether make supports nested variables
configure:2727: result: yes
configure:2743: checking build system type
configure:2759: result: x86_64-w64-mingw32
configure:2779: checking host system type
configure:2794: result: x86_64-w64-mingw32
configure:2848: checking for a BSD-compatible install
configure:2922: result: /usr/bin/install -c
configure:2933: checking whether sleep supports fractional seconds
configure:2949: result: yes
configure:2952: checking filesystem timestamp resolution
configure:3087: result: 0.01
configure:3092: checking whether build environment is sane
configure:3137: result: yes
configure:3308: checking for a race-free mkdir -p
configure:3351: result: /usr/bin/mkdir -p
configure:3358: checking for gawk
configure:3379: found /usr/bin/gawk
configure:3391: result: gawk
configure:3402: checking whether make sets $(MAKE)
configure:3426: result: yes
configure:3454: checking xargs -n works
configure:3470: result: yes
configure:3550: checking whether UID '197610' is supported by ustar format
configure:3556: result: yes
configure:3563: checking whether GID '197610' is supported by ustar format
configure:3569: result: yes
configure:3577: checking how to create a ustar tar archive
configure:3588: tar --version
tar (GNU tar) 1.35
Copyright (C) 2023 Free Software Foundation, Inc.
License GPLv3+: GNU GPL version 3 or later <https://gnu.org/licenses/gpl.html>.
This is free software: you are free to change and redistribute it.
There is NO WARRANTY, to the extent permitted by law.

Written by John Gilmore and Jay Fenlason.
configure:3591: $? = 0
configure:3631: tardir=conftest.dir && eval tar --format=ustar -chf - "$tardir" >conftest.tar
configure:3634: $? = 0
configure:3638: tar -xf - <conftest.tar
configure:3641: $? = 0
configure:3643: cat conftest.dir/file
GrepMe
configure:3646: $? = 0
configure:3661: result: gnutar
configure:3716: checking whether ln -s works
configure:3723: result: no, using cp -pR
configure:3730: checking for perl
configure:3753: found /usr/bin/perl
configure:3766: result: /usr/bin/perl
configure:3793: /usr/bin/perl --version

This is perl 5, version 42, subversion 2 (v5.42.2) built for x86_64-cygwin-thread-multi

Copyright 1987-2026, Larry Wall

Perl may be copied only under the terms of either the Artistic License or the
GNU General Public License, which may be found in the Perl 5 source kit.

Complete documentation for Perl, including FAQ lists, should be found on
this system using "man perl" or "perldoc perl".  If you have access to the
Internet, point your browser at https://www.perl.org/, the Perl Home Page.

configure:3796: $? = 0
configure:3808: checking for tex
configure:3844: result: no
configure:3852:  --version </dev/null
../configure: line 3853: --version: 未找到命令
configure:3855: $? = 127
configure:3873: checking for yacc
configure:3909: result: no
configure:3873: checking for byacc
configure:3909: result: no
configure:3873: checking for bison
configure:3909: result: no
configure:3922: checking for lex
configure:3958: result: no
configure:3922: checking for flex
configure:3958: result: no
configure:3976: checking whether autoconf is installed
configure:3982: autoconf --version
autoconf (GNU Autoconf) 2.73
Copyright (C) 2026 Free Software Foundation, Inc.
License GPLv3+/Autoconf: GNU GPL version 3 or later
<https://gnu.org/licenses/gpl.html>, <https://gnu.org/licenses/exceptions.html>
This is free software: you are free to change and redistribute it.
There is NO WARRANTY, to the extent permitted by law.

Written by David J. MacKenzie and Akim Demaille.
configure:3985: $? = 0
configure:3994: result: yes
configure:4001: checking whether autoconf works
configure:4011: cd conftest && autoconf -o /dev/null conftest.ac
configure:4014: $? = 0
configure:4024: result: yes
configure:4031: checking whether autoconf is recent enough
configure:4042: cd conftest && autoconf -o /dev/null conftest.ac
configure:4045: $? = 0
configure:4055: result: yes
configure:4062: checking whether ln works
configure:4084: result: yes
configure:4091: checking for grep that handles long lines and -e
configure:4157: result: /usr/bin/grep
configure:4162: checking for egrep
configure:4232: result: /usr/bin/grep -E
configure:4239: checking for fgrep
configure:4309: result: /usr/bin/grep -F
configure:4363: will now look for a sturdy POSIX shell, for our testsuite
configure:4402: checking for sh
configure:4425: found /usr/bin/sh
configure:4438: result: /usr/bin/sh
configure:4402: checking for sh5
configure:4441: result: no
configure:4402: checking for dash
configure:4425: found /usr/bin/dash
configure:4438: result: /usr/bin/dash
configure:4402: checking for ash
configure:4425: found /usr/bin/ash
configure:4438: result: /usr/bin/ash
configure:4402: checking for bash
configure:4425: found /usr/bin/bash
configure:4438: result: /usr/bin/bash
configure:4402: checking for zsh
configure:4441: result: no
configure:4402: checking for ksh
configure:4441: result: no
configure:4402: checking for pdksh
configure:4441: result: no
configure:4462: checking whether /usr/bin/sh supports $(cmd)
configure:4472: result: yes
configure:4482: checking whether /usr/bin/sh supports $((expr))
configure:4492: result: yes
configure:4502: checking whether /usr/bin/sh supports ${#var}
configure:4515: result: yes
configure:4525: checking whether /usr/bin/sh supports ${var#glob} and ${var%glob}
configure:4539: result: yes
configure:4549: checking whether /usr/bin/sh preserves exit traps with "set -e"
configure:4559: result: yes
configure:4569: checking whether /usr/bin/sh can define exit traps in a shell function
configure:4579: result: yes
configure:4589: checking whether /usr/bin/sh corrupts stderr with "set -x"
configure:4603: result: no
configure:4611: checking whether /usr/bin/sh can return early from "dot-sourced" files
configure:4621: result: yes
configure:4633: checking whether /usr/bin/sh supports alias named like shell builtins

configure:4643: result: yes
configure:4653: checking whether /usr/bin/sh supports "test -e"
configure:4663: result: yes
configure:4681: shell /usr/bin/sh is good enough, stop looking
configure:4699: will use /usr/bin/sh as the testsuite shell
configure:4723: will now look for generic compilers
configure:4867: checking for C compiler version
configure:4876: gcc --version >&5
gcc.exe (Rev5, Built by MSYS2 project) 16.1.0
Copyright (C) 2026 Free Software Foundation, Inc.
This is free software; see the source for copying conditions.  There is NO
warranty; not even for MERCHANTABILITY or FITNESS FOR A PARTICULAR PURPOSE.

configure:4887: $? = 0
configure:4876: gcc -v >&5
Using built-in specs.
COLLECT_GCC=D:\MSYS2\ucrt64\bin\gcc.exe
COLLECT_LTO_WRAPPER=D:/MSYS2/ucrt64/bin/../lib/gcc/x86_64-w64-mingw32/16.1.0/lto-wrapper.exe
Target: x86_64-w64-mingw32
Configured with: ../gcc-16.1.0/configure --prefix=/ucrt64 --with-local-prefix=/ucrt64/local --libexecdir=/ucrt64/lib --enable-bootstrap --enable-checking=release --with-arch=nocona --with-tune=generic --enable-mingw-wildcard --enable-languages=c,c++,ada,fortran,lto,objc,obj-c++,jit --enable-shared --enable-static --enable-libatomic --enable-threads=posix --enable-tls --enable-graphite --enable-fully-dynamic-string --enable-libstdcxx-backtrace=yes --enable-libstdcxx-filesystem-ts --enable-libstdcxx-time --disable-libstdcxx-pch --enable-libgomp --disable-libssp --disable-multilib --disable-rpath --disable-win32-registry --disable-nls --disable-werror --disable-symvers --with-libiconv --with-system-zlib --with-gmp=/ucrt64 --with-mpfr=/ucrt64 --with-mpc=/ucrt64 --with-isl=/ucrt64 --with-pkgversion='Rev5, Built by MSYS2 project' --with-bugurl=https://github.com/msys2/MINGW-packages/issues --with-gnu-as --with-gnu-ld --with-libstdcxx-zoneinfo=yes --disable-libstdcxx-debug --enable-lto --with-boot-ldflags=-static-libstdc++ --with-stage1-ldflags=-static-libstdc++
Thread model: posix
Supported LTO compression algorithms: zlib zstd
gcc version 16.1.0 (Rev5, Built by MSYS2 project) 
configure:4887: $? = 0
configure:4876: gcc -V >&5
gcc.exe: error: unrecognized command-line option '-V'
gcc.exe: fatal error: no input files
compilation terminated.
configure:4887: $? = 1
configure:4876: gcc -qversion >&5
gcc.exe: error: unrecognized command-line option '-qversion'; did you mean '--version'?
gcc.exe: fatal error: no input files
compilation terminated.
configure:4887: $? = 1
configure:4876: gcc -version >&5
gcc.exe: error: unrecognized command-line option '-version'
gcc.exe: fatal error: no input files
compilation terminated.
configure:4887: $? = 1
configure:4907: checking whether the C compiler works
configure:4929: gcc    conftest.c  >&5
configure:4933: $? = 0
configure:4986: result: yes
configure:4990: checking for C compiler default output file name
configure:4992: result: a.exe
configure:4998: checking for suffix of executables
configure:5005: gcc -o conftest.exe    conftest.c  >&5
configure:5009: $? = 0
configure:5035: result: .exe
configure:5059: checking whether we are cross compiling
configure:5067: gcc -o conftest.exe    conftest.c  >&5
configure:5071: $? = 0
configure:5078: ./conftest.exe
configure:5082: $? = 0
configure:5100: result: no
configure:5106: checking for suffix of object files
configure:5129: gcc -c   conftest.c >&5
configure:5133: $? = 0
configure:5159: result: o
configure:5163: checking whether the compiler supports GNU C
configure:5183: gcc -c   conftest.c >&5
configure:5183: $? = 0
configure:5195: result: yes
configure:5206: checking whether gcc accepts -g
configure:5227: gcc -c -g  conftest.c >&5
configure:5227: $? = 0
configure:5274: result: yes
configure:5294: checking for gcc option to enable C11 features
configure:5309: gcc  -c -g -O2  conftest.c >&5
configure:5309: $? = 0
configure:5328: result: none needed
configure:5452: checking whether gcc understands -c and -o together
configure:5475: gcc -c conftest.c -o conftest2.o
configure:5478: $? = 0
configure:5475: gcc -c conftest.c -o conftest2.o
configure:5478: $? = 0
configure:5494: result: yes
configure:5693: checking for C++ compiler version
configure:5702: g++ --version >&5
g++.exe (Rev5, Built by MSYS2 project) 16.1.0
Copyright (C) 2026 Free Software Foundation, Inc.
This is free software; see the source for copying conditions.  There is NO
warranty; not even for MERCHANTABILITY or FITNESS FOR A PARTICULAR PURPOSE.

configure:5713: $? = 0
configure:5702: g++ -v >&5
Using built-in specs.
COLLECT_GCC=D:\MSYS2\ucrt64\bin\g++.exe
COLLECT_LTO_WRAPPER=D:/MSYS2/ucrt64/bin/../lib/gcc/x86_64-w64-mingw32/16.1.0/lto-wrapper.exe
Target: x86_64-w64-mingw32
Configured with: ../gcc-16.1.0/configure --prefix=/ucrt64 --with-local-prefix=/ucrt64/local --libexecdir=/ucrt64/lib --enable-bootstrap --enable-checking=release --with-arch=nocona --with-tune=generic --enable-mingw-wildcard --enable-languages=c,c++,ada,fortran,lto,objc,obj-c++,jit --enable-shared --enable-static --enable-libatomic --enable-threads=posix --enable-tls --enable-graphite --enable-fully-dynamic-string --enable-libstdcxx-backtrace=yes --enable-libstdcxx-filesystem-ts --enable-libstdcxx-time --disable-libstdcxx-pch --enable-libgomp --disable-libssp --disable-multilib --disable-rpath --disable-win32-registry --disable-nls --disable-werror --disable-symvers --with-libiconv --with-system-zlib --with-gmp=/ucrt64 --with-mpfr=/ucrt64 --with-mpc=/ucrt64 --with-isl=/ucrt64 --with-pkgversion='Rev5, Built by MSYS2 project' --with-bugurl=https://github.com/msys2/MINGW-packages/issues --with-gnu-as --with-gnu-ld --with-libstdcxx-zoneinfo=yes --disable-libstdcxx-debug --enable-lto --with-boot-ldflags=-static-libstdc++ --with-stage1-ldflags=-static-libstdc++
Thread model: posix
Supported LTO compression algorithms: zlib zstd
gcc version 16.1.0 (Rev5, Built by MSYS2 project) 
configure:5713: $? = 0
configure:5702: g++ -V >&5
g++.exe: error: unrecognized command-line option '-V'
g++.exe: fatal error: no input files
compilation terminated.
configure:5713: $? = 1
configure:5702: g++ -qversion >&5
g++.exe: error: unrecognized command-line option '-qversion'; did you mean '--version'?
g++.exe: fatal error: no input files
compilation terminated.
configure:5713: $? = 1
configure:5733: checking whether the C++ compiler works
configure:5755: g++    conftest.cpp  >&5
configure:5759: $? = 0
configure:5812: result: yes
configure:5816: checking for C++ compiler default output file name
configure:5818: result: a.exe
configure:5824: checking for suffix of executables
configure:5831: g++ -o conftest.exe    conftest.cpp  >&5
configure:5835: $? = 0
configure:5861: result: .exe
configure:5885: checking whether we are cross compiling
configure:5893: g++ -o conftest.exe    conftest.cpp  >&5
configure:5897: $? = 0
configure:5904: ./conftest.exe
configure:5908: $? = 0
configure:5926: result: no
configure:5932: checking for suffix of object files
configure:5955: g++ -c   conftest.cpp >&5
configure:5959: $? = 0
configure:5985: result: o
configure:5989: checking whether the compiler supports GNU C++
configure:6009: g++ -c   conftest.cpp >&5
configure:6009: $? = 0
configure:6021: result: yes
configure:6032: checking whether g++ accepts -g
configure:6053: g++ -c -g  conftest.cpp >&5
configure:6053: $? = 0
configure:6100: result: yes
configure:6120: checking for g++ option to enable C++11 features
configure:6135: g++  -c -g -O2  conftest.cpp >&5
conftest.cpp: In function 'int main(int, char**)':
conftest.cpp:175:25: warning: empty parentheses were disambiguated as a function declaration [-Wvexing-parse]
  175 |   cxx11test::delegate d2();
      |                         ^~
conftest.cpp:175:25: note: remove parentheses to default-initialize a variable
  175 |   cxx11test::delegate d2();
      |                         ^~
      |                         --
conftest.cpp:175:25: note: or replace parentheses with braces to value-initialize a variable
conftest.cpp:192:22: error: invalid conversion from 'const char8_t*' to 'const char*' [-fpermissive]
  192 |   char const *utf8 = u8"UTF-8 string \u2500";
      |                      ^~~~~~~~~~~~~~~~~~~~~~~
      |                      |
      |                      const char8_t*
configure:6135: $? = 1
configure: failed program was:
| /* confdefs.h */
| #define PACKAGE_NAME "GNU Automake"
| #define PACKAGE_TARNAME "automake"
| #define PACKAGE_VERSION "1.18.1"
| #define PACKAGE_STRING "GNU Automake 1.18.1"
| #define PACKAGE_BUGREPORT "bug-automake@gnu.org"
| #define PACKAGE_URL "https://www.gnu.org/software/automake/"
| /* end confdefs.h.  */
| 
| // Does the compiler advertise C++98 conformance?
| #if !defined __cplusplus || __cplusplus < 199711L
| # error "Compiler does not advertise C++98 conformance"
| #endif
| 
| // These inclusions are to reject old compilers that
| // lack the unsuffixed header files.
| #include <cstdlib>
| #include <exception>
| 
| // <cassert> and <cstring> are *not* freestanding headers in C++98.
| extern void assert (int);
| namespace std {
|   extern int strcmp (const char *, const char *);
| }
| 
| // Namespaces, exceptions, and templates were all added after "C++ 2.0".
| using std::exception;
| using std::strcmp;
| 
| namespace {
| 
| void test_exception_syntax()
| {
|   try {
|     throw "test";
|   } catch (const char *s) {
|     // Extra parentheses suppress a warning when building autoconf itself,
|     // due to lint rules shared with more typical C programs.
|     assert (!(strcmp) (s, "test"));
|   }
| }
| 
| template <typename T> struct test_template
| {
|   T const val;
|   explicit test_template(T t) : val(t) {}
|   template <typename U> T add(U u) { return static_cast<T>(u) + val; }
| };
| 
| } // anonymous namespace
| 
| 
| // Does the compiler advertise C++ 2011 conformance?
| #if !defined __cplusplus || __cplusplus < 201103L
| # error "Compiler does not advertise C++11 conformance"
| #endif
| 
| namespace cxx11test
| {
|   constexpr int get_val() { return 20; }
| 
|   struct testinit
|   {
|     int i;
|     double d;
|   };
| 
|   class delegate
|   {
|   public:
|     delegate(int n) : n(n) {}
|     delegate(): delegate(2354) {}
| 
|     virtual int getval() { return this->n; };
|   protected:
|     int n;
|   };
| 
|   class overridden : public delegate
|   {
|   public:
|     overridden(int n): delegate(n) {}
|     virtual int getval() override final { return this->n * 2; }
|   };
| 
|   class nocopy
|   {
|   public:
|     nocopy(int i): i(i) {}
|     nocopy() = default;
|     nocopy(const nocopy&) = delete;
|     nocopy & operator=(const nocopy&) = delete;
|   private:
|     int i;
|   };
| 
|   // for testing lambda expressions
|   template <typename Ret, typename Fn> Ret eval(Fn f, Ret v)
|   {
|     return f(v);
|   }
| 
|   // for testing variadic templates and trailing return types
|   template <typename V> auto sum(V first) -> V
|   {
|     return first;
|   }
|   template <typename V, typename... Args> auto sum(V first, Args... rest) -> V
|   {
|     return first + sum(rest...);
|   }
| }
| 
| 
| int
| main (int argc, char **argv)
| {
|   int ok = 0;
|   
|   assert (argc);
|   assert (! argv[0]);
| {
|   test_exception_syntax ();
|   test_template<double> tt (2.0);
|   assert (tt.add (4) == 6.0);
|   assert (true && !false);
| }
| 
|   
| {
|   // Test auto and decltype
|   auto a1 = 6538;
|   auto a2 = 48573953.4;
|   auto a3 = "String literal";
| 
|   int total = 0;
|   for (auto i = a3; *i; ++i) { total += *i; }
| 
|   decltype(a2) a4 = 34895.034;
| }
| {
|   // Test constexpr
|   short sa[cxx11test::get_val()] = { 0 };
| }
| {
|   // Test initializer lists
|   cxx11test::testinit il = { 4323, 435234.23544 };
| }
| {
|   // Test range-based for
|   int array[] = {9, 7, 13, 15, 4, 18, 12, 10, 5, 3,
|                  14, 19, 17, 8, 6, 20, 16, 2, 11, 1};
|   for (auto &x : array) { x += 23; }
| }
| {
|   // Test lambda expressions
|   using cxx11test::eval;
|   assert (eval ([](int x) { return x*2; }, 21) == 42);
|   double d = 2.0;
|   assert (eval ([&](double x) { return d += x; }, 3.0) == 5.0);
|   assert (d == 5.0);
|   assert (eval ([=](double x) mutable { return d += x; }, 4.0) == 9.0);
|   assert (d == 5.0);
| }
| {
|   // Test use of variadic templates
|   using cxx11test::sum;
|   auto a = sum(1);
|   auto b = sum(1, 2);
|   auto c = sum(1.0, 2.0, 3.0);
| }
| {
|   // Test constructor delegation
|   cxx11test::delegate d1;
|   cxx11test::delegate d2();
|   cxx11test::delegate d3(45);
| }
| {
|   // Test override and final
|   cxx11test::overridden o1(55464);
| }
| {
|   // Test nullptr
|   char *c = nullptr;
| }
| {
|   // Test template brackets
|   test_template<::test_template<int>> v(test_template<int>(12));
| }
| {
|   // Unicode literals
|   char const *utf8 = u8"UTF-8 string \u2500";
|   char16_t const *utf16 = u"UTF-8 string \u2500";
|   char32_t const *utf32 = U"UTF-32 string \u2500";
| }
| 
|   return ok;
| }
| 
configure:6135: g++ -std=gnu++11 -c -g -O2  conftest.cpp >&5
conftest.cpp: In function 'int main(int, char**)':
conftest.cpp:175:25: warning: empty parentheses were disambiguated as a function declaration [-Wvexing-parse]
  175 |   cxx11test::delegate d2();
      |                         ^~
conftest.cpp:175:25: note: remove parentheses to default-initialize a variable
  175 |   cxx11test::delegate d2();
      |                         ^~
      |                         --
conftest.cpp:175:25: note: or replace parentheses with braces to value-initialize a variable
configure:6135: $? = 0
configure:6157: result: -std=gnu++11
configure:6320: checking for xlf95
configure:6356: result: no
configure:6320: checking for f95
configure:6356: result: no
configure:6320: checking for fort
configure:6356: result: no
configure:6320: checking for ifort
configure:6356: result: no
configure:6320: checking for ifc
configure:6356: result: no
configure:6320: checking for efc
configure:6356: result: no
configure:6320: checking for pgfortran
configure:6356: result: no
configure:6320: checking for pgf95
configure:6356: result: no
configure:6320: checking for lf95
configure:6356: result: no
configure:6320: checking for ftn
configure:6356: result: no
configure:6320: checking for nagfor
configure:6356: result: no
configure:6320: checking for xlf90
configure:6356: result: no
configure:6320: checking for f90
configure:6356: result: no
configure:6320: checking for armflang
configure:6356: result: no
configure:6320: checking for flang
configure:6356: result: no
configure:6320: checking for pgf90
configure:6356: result: no
configure:6320: checking for pghpf
configure:6356: result: no
configure:6320: checking for epcf90
configure:6356: result: no
configure:6320: checking for g95
configure:6356: result: no
configure:6320: checking for gfortran
configure:6356: result: no
configure:6379: checking for Fortran compiler version
configure:6388:  --version >&5
../configure: line 6390: --version: 未找到命令
configure:6399: $? = 127
configure:6388:  -v >&5
../configure: line 6390: -v: 未找到命令
configure:6399: $? = 127
configure:6388:  -V >&5
../configure: line 6390: -V: 未找到命令
configure:6399: $? = 127
configure:6388:  -qversion >&5
../configure: line 6390: -qversion: 未找到命令
configure:6399: $? = 127
configure:6414: checking whether the Fortran compiler works
configure:6436:     conftest.f  >&5
../configure: line 6438: conftest.f: 未找到命令
configure:6440: $? = 127
configure:6481: result: no
configure: failed program was:
|       program main
| 
|       end
configure:6487: WARNING: Fortran compiler cannot create executables
configure:6750: tests requiring the Fortran compiler will be skipped
configure:6838: checking for xlf
configure:6874: result: no
configure:6838: checking for f77
configure:6874: result: no
configure:6838: checking for frt
configure:6874: result: no
configure:6838: checking for pgf77
configure:6874: result: no
configure:6838: checking for cf77
configure:6874: result: no
configure:6838: checking for fort77
configure:6874: result: no
configure:6838: checking for fl32
configure:6874: result: no
configure:6838: checking for af77
configure:6874: result: no
configure:6838: checking for g77
configure:6874: result: no
configure:6838: checking for armflang
configure:6874: result: no
configure:6838: checking for flang
configure:6874: result: no
configure:6838: checking for gfortran
configure:6874: result: no
configure:6897: checking for Fortran 77 compiler version
configure:6906:  --version >&5
../configure: line 6908: --version: 未找到命令
configure:6917: $? = 127
configure:6906:  -v >&5
../configure: line 6908: -v: 未找到命令
configure:6917: $? = 127
configure:6906:  -V >&5
../configure: line 6908: -V: 未找到命令
configure:6917: $? = 127
configure:6906:  -qversion >&5
../configure: line 6908: -qversion: 未找到命令
configure:6917: $? = 127
configure:6932: checking whether the Fortran 77 compiler works
configure:6954:    conftest.f  >&5
../configure: line 6956: conftest.f: 未找到命令
configure:6958: $? = 127
configure:6999: result: no
configure: failed program was:
|       program main
| 
|       end
configure:7005: WARNING: Fortran 77 compiler cannot create executables
configure:7268: tests requiring the Fortran 77 compiler will be skipped
configure:7302: will now look for GNU compilers
configure:7309: gcc is already a GNU C compiler
configure:7427: gcc --version && gcc -v
gcc.exe (Rev5, Built by MSYS2 project) 16.1.0
Copyright (C) 2026 Free Software Foundation, Inc.
This is free software; see the source for copying conditions.  There is NO
warranty; not even for MERCHANTABILITY or FITNESS FOR A PARTICULAR PURPOSE.

Using built-in specs.
COLLECT_GCC=D:\MSYS2\ucrt64\bin\gcc.exe
COLLECT_LTO_WRAPPER=D:/MSYS2/ucrt64/bin/../lib/gcc/x86_64-w64-mingw32/16.1.0/lto-wrapper.exe
Target: x86_64-w64-mingw32
Configured with: ../gcc-16.1.0/configure --prefix=/ucrt64 --with-local-prefix=/ucrt64/local --libexecdir=/ucrt64/lib --enable-bootstrap --enable-checking=release --with-arch=nocona --with-tune=generic --enable-mingw-wildcard --enable-languages=c,c++,ada,fortran,lto,objc,obj-c++,jit --enable-shared --enable-static --enable-libatomic --enable-threads=posix --enable-tls --enable-graphite --enable-fully-dynamic-string --enable-libstdcxx-backtrace=yes --enable-libstdcxx-filesystem-ts --enable-libstdcxx-time --disable-libstdcxx-pch --enable-libgomp --disable-libssp --disable-multilib --disable-rpath --disable-win32-registry --disable-nls --disable-werror --disable-symvers --with-libiconv --with-system-zlib --with-gmp=/ucrt64 --with-mpfr=/ucrt64 --with-mpc=/ucrt64 --with-isl=/ucrt64 --with-pkgversion='Rev5, Built by MSYS2 project' --with-bugurl=https://github.com/msys2/MINGW-packages/issues --with-gnu-as --with-gnu-ld --with-libstdcxx-zoneinfo=yes --disable-libstdcxx-debug --enable-lto --with-boot-ldflags=-static-libstdc++ --with-stage1-ldflags=-static-libstdc++
Thread model: posix
Supported LTO compression algorithms: zlib zstd
gcc version 16.1.0 (Rev5, Built by MSYS2 project) 
configure:7430: $? = 0
configure:7447: g++ -std=gnu++11 is already a GNU C++ compiler
configure:7566: g++ -std=gnu++11 --version && g++ -std=gnu++11 -v
g++.exe (Rev5, Built by MSYS2 project) 16.1.0
Copyright (C) 2026 Free Software Foundation, Inc.
This is free software; see the source for copying conditions.  There is NO
warranty; not even for MERCHANTABILITY or FITNESS FOR A PARTICULAR PURPOSE.

Using built-in specs.
COLLECT_GCC=D:\MSYS2\ucrt64\bin\g++.exe
COLLECT_LTO_WRAPPER=D:/MSYS2/ucrt64/bin/../lib/gcc/x86_64-w64-mingw32/16.1.0/lto-wrapper.exe
Target: x86_64-w64-mingw32
Configured with: ../gcc-16.1.0/configure --prefix=/ucrt64 --with-local-prefix=/ucrt64/local --libexecdir=/ucrt64/lib --enable-bootstrap --enable-checking=release --with-arch=nocona --with-tune=generic --enable-mingw-wildcard --enable-languages=c,c++,ada,fortran,lto,objc,obj-c++,jit --enable-shared --enable-static --enable-libatomic --enable-threads=posix --enable-tls --enable-graphite --enable-fully-dynamic-string --enable-libstdcxx-backtrace=yes --enable-libstdcxx-filesystem-ts --enable-libstdcxx-time --disable-libstdcxx-pch --enable-libgomp --disable-libssp --disable-multilib --disable-rpath --disable-win32-registry --disable-nls --disable-werror --disable-symvers --with-libiconv --with-system-zlib --with-gmp=/ucrt64 --with-mpfr=/ucrt64 --with-mpc=/ucrt64 --with-isl=/ucrt64 --with-pkgversion='Rev5, Built by MSYS2 project' --with-bugurl=https://github.com/msys2/MINGW-packages/issues --with-gnu-as --with-gnu-ld --with-libstdcxx-zoneinfo=yes --disable-libstdcxx-debug --enable-lto --with-boot-ldflags=-static-libstdc++ --with-stage1-ldflags=-static-libstdc++
Thread model: posix
Supported LTO compression algorithms: zlib zstd
gcc version 16.1.0 (Rev5, Built by MSYS2 project) 
configure:7569: $? = 0
configure:7646: checking for gfortran
configure:7682: result: no
configure:7785: checking for g77
configure:7821: result: no
configure:7785: checking for gfortran
configure:7821: result: no
configure:7918: checking for ga68
configure:7954: result: no
configure:8050: checking for gcj
configure:8086: result: no
configure:8298: checking that generated files are newer than configure
configure:8304: result: done
configure:8319: creating ./config.status

## ---------------------- ##
## Running config.status. ##
## ---------------------- ##

This file was extended by GNU Automake config.status 1.18.1, which was
generated by GNU Autoconf 2.72.  Invocation command line was

  CONFIG_FILES    = 
  CONFIG_HEADERS  = 
  CONFIG_LINKS    = 
  CONFIG_COMMANDS = 
  $ ./config.status 

on LAPTOP-EIS2HJA1

config.status:822: creating Makefile
config.status:822: creating pre-inst-env
config.status:991: linking ../GNUmakefile to GNUmakefile

## ---------------- ##
## Cache variables. ##
## ---------------- ##

ac_cv_AM_TEST_RUNNER_SHELL=/usr/bin/sh
ac_cv_build=x86_64-w64-mingw32
ac_cv_c_compiler_gnu=yes
ac_cv_cxx_compiler_gnu=yes
ac_cv_env_AM_TEST_RUNNER_SHELL_set=
ac_cv_env_AM_TEST_RUNNER_SHELL_value=
ac_cv_env_CCC_set=
ac_cv_env_CCC_value=
ac_cv_env_CC_set=set
ac_cv_env_CC_value=gcc
ac_cv_env_CFLAGS_set=
ac_cv_env_CFLAGS_value=
ac_cv_env_CPPFLAGS_set=
ac_cv_env_CPPFLAGS_value=
ac_cv_env_CXXFLAGS_set=
ac_cv_env_CXXFLAGS_value=
ac_cv_env_CXX_set=set
ac_cv_env_CXX_value=g++
ac_cv_env_F77_set=
ac_cv_env_F77_value=
ac_cv_env_FCFLAGS_set=
ac_cv_env_FCFLAGS_value=
ac_cv_env_FC_set=
ac_cv_env_FC_value=
ac_cv_env_FFLAGS_set=
ac_cv_env_FFLAGS_value=
ac_cv_env_GNU_A68FLAGS_set=
ac_cv_env_GNU_A68FLAGS_value=
ac_cv_env_GNU_A68_set=
ac_cv_env_GNU_A68_value=
ac_cv_env_GNU_CC_set=
ac_cv_env_GNU_CC_value=
ac_cv_env_GNU_CFLAGS_set=
ac_cv_env_GNU_CFLAGS_value=
ac_cv_env_GNU_CXXFLAGS_set=
ac_cv_env_GNU_CXXFLAGS_value=
ac_cv_env_GNU_CXX_set=
ac_cv_env_GNU_CXX_value=
ac_cv_env_GNU_F77_set=
ac_cv_env_GNU_F77_value=
ac_cv_env_GNU_FCFLAGS_set=
ac_cv_env_GNU_FCFLAGS_value=
ac_cv_env_GNU_FC_set=
ac_cv_env_GNU_FC_value=
ac_cv_env_GNU_FFLAGS_set=
ac_cv_env_GNU_FFLAGS_value=
ac_cv_env_GNU_GCJFLAGS_set=
ac_cv_env_GNU_GCJFLAGS_value=
ac_cv_env_GNU_GCJ_set=
ac_cv_env_GNU_GCJ_value=
ac_cv_env_LDFLAGS_set=
ac_cv_env_LDFLAGS_value=
ac_cv_env_LIBS_set=
ac_cv_env_LIBS_value=
ac_cv_env_build_alias_set=
ac_cv_env_build_alias_value=
ac_cv_env_host_alias_set=
ac_cv_env_host_alias_value=
ac_cv_env_target_alias_set=
ac_cv_env_target_alias_value=
ac_cv_host=x86_64-w64-mingw32
ac_cv_path_EGREP='/usr/bin/grep -E'
ac_cv_path_EGREP_TRADITIONAL='/usr/bin/grep -E'
ac_cv_path_FGREP='/usr/bin/grep -F'
ac_cv_path_GREP=/usr/bin/grep
ac_cv_path_PERL=/usr/bin/perl
ac_cv_path_install='/usr/bin/install -c'
ac_cv_path_mkdir=/usr/bin/mkdir
ac_cv_prog_AWK=gawk
ac_cv_prog_cc_c11=
ac_cv_prog_cc_g=yes
ac_cv_prog_cc_stdc=
ac_cv_prog_cxx_cxx11=-std=gnu++11
ac_cv_prog_cxx_g=yes
ac_cv_prog_cxx_stdcxx=-std=gnu++11
ac_cv_prog_make_make_set=yes
am_cv_autoconf_installed=yes
am_cv_autoconf_version=yes
am_cv_autoconf_works=yes
am_cv_filesystem_timestamp_resolution=0.01
am_cv_make_support_nested_variables=yes
am_cv_prog_cc_c_o=yes
am_cv_prog_ln=ln
am_cv_prog_tar_ustar=gnutar
am_cv_sleep_fractional_seconds=yes
am_cv_xargs_n_works=yes

## ----------------- ##
## Output variables. ##
## ----------------- ##

ACLOCAL='"/home/22082/automake-1.18.1/build/pre-inst-env" aclocal-1.18'
AMTAR='$${TAR-tar}'
AM_BACKSLASH='\'
AM_DEFAULT_V='$(AM_DEFAULT_VERBOSITY)'
AM_DEFAULT_VERBOSITY='0'
AM_TEST_RUNNER_SHELL='/usr/bin/sh'
AM_V='$(V)'
APIVERSION='1.18'
AUTOCONF='${SHELL} '\''/home/22082/automake-1.18.1/lib/missing'\'' autoconf'
AUTOHEADER='${SHELL} '\''/home/22082/automake-1.18.1/lib/missing'\'' autoheader'
AUTOMAKE='"/home/22082/automake-1.18.1/build/pre-inst-env" automake-1.18'
AWK='gawk'
CC='gcc'
CFLAGS='-g -O2'
CPPFLAGS=''
CSCOPE='cscope'
CTAGS='ctags'
CXX='g++ -std=gnu++11'
CXXFLAGS='-g -O2'
CYGPATH_W='cygpath -w'
DEFS='-DPACKAGE_NAME=\"GNU\ Automake\" -DPACKAGE_TARNAME=\"automake\" -DPACKAGE_VERSION=\"1.18.1\" -DPACKAGE_STRING=\"GNU\ Automake\ 1.18.1\" -DPACKAGE_BUGREPORT=\"bug-automake@gnu.org\" -DPACKAGE_URL=\"https://www.gnu.org/software/automake/\"'
ECHO_C=''
ECHO_N='-n'
ECHO_T=''
EGREP='/usr/bin/grep -E'
ETAGS='etags'
EXEEXT='UNKNOWN'
F77='false'
FC='false'
FCFLAGS=''
FFLAGS=''
FGREP='/usr/bin/grep -F'
GNU_A68='false'
GNU_A68FLAGS=''
GNU_CC='gcc'
GNU_CFLAGS='-g -O2'
GNU_CXX='g++ -std=gnu++11'
GNU_CXXFLAGS='-g -O2'
GNU_F77='false'
GNU_FC='false'
GNU_FCFLAGS=''
GNU_FFLAGS=''
GNU_GCJ='false'
GNU_GCJFLAGS=''
GREP='/usr/bin/grep'
INSTALL_DATA='${INSTALL} -m 644'
INSTALL_PROGRAM='${INSTALL}'
INSTALL_SCRIPT='${INSTALL}'
INSTALL_STRIP_PROGRAM='$(install_sh) -c -s'
LDFLAGS=''
LEX='false'
LIBOBJS=''
LIBS=''
LN='ln'
LN_S='cp -pR'
LTLIBOBJS=''
MAKEINFO='${SHELL} '\''/home/22082/automake-1.18.1/lib/missing'\'' makeinfo'
MKDIR_P='/usr/bin/mkdir -p'
MTIME_RESOLUTION='0.01'
OBJEXT='UNKNOWN'
PACKAGE='automake'
PACKAGE_BUGREPORT='bug-automake@gnu.org'
PACKAGE_NAME='GNU Automake'
PACKAGE_STRING='GNU Automake 1.18.1'
PACKAGE_TARNAME='automake'
PACKAGE_URL='https://www.gnu.org/software/automake/'
PACKAGE_VERSION='1.18.1'
PATH_SEPARATOR=':'
PERL='/usr/bin/perl'
RELEASE_YEAR='2025'
SET_MAKE=''
SHELL='/bin/sh'
STRIP=''
TEX=''
VERSION='1.18.1'
YACC='false'
ac_ct_CC=''
ac_ct_CXX=''
ac_ct_F77=''
ac_ct_FC=''
ac_ct_GNU_A68=''
ac_ct_GNU_CC=''
ac_ct_GNU_CXX=''
ac_ct_GNU_F77=''
ac_ct_GNU_FC=''
ac_ct_GNU_GCJ=''
am_AUTOCONF='autoconf'
am_AUTOHEADER='autoheader'
am_AUTOM4TE='autom4te'
am_AUTORECONF='autoreconf'
am_AUTOUPDATE='autoupdate'
am__EXEEXT_FALSE='#'
am__EXEEXT_TRUE=''
am__isrc=' -I$(srcdir)'
am__leading_dot='.'
am__rm_f_notfound=''
am__tar='tar --format=ustar -chf - "$$tardir"'
am__untar='tar -xf -'
am__xargs_n='xargs -n'
am_candidate_sh=''
amdir='${pkgvdatadir}/am'
automake_acdir='${datadir}/aclocal-1.18'
bindir='${exec_prefix}/bin'
build='x86_64-w64-mingw32'
build_alias='x86_64-w64-mingw32'
build_cpu='x86_64'
build_os='mingw32'
build_vendor='w64'
datadir='${datarootdir}'
datarootdir='${prefix}/share'
docdir='${datarootdir}/doc/${PACKAGE_TARNAME}'
dvidir='${docdir}'
exec_prefix='${prefix}'
host='x86_64-w64-mingw32'
host_alias=''
host_cpu='x86_64'
host_os='mingw32'
host_vendor='w64'
htmldir='${docdir}'
includedir='${prefix}/include'
infodir='${datarootdir}/info'
install_sh='${SHELL} /home/22082/automake-1.18.1/lib/install-sh'
libdir='${exec_prefix}/lib'
libexecdir='${exec_prefix}/libexec'
localedir='${datarootdir}/locale'
localstatedir='${prefix}/var'
mandir='${datarootdir}/man'
mkdir_p='$(MKDIR_P)'
oldincludedir='/usr/include'
pdfdir='${docdir}'
pkgvdatadir='${datadir}/automake-1.18'
prefix='/home/22082/automake-1.18.1/build/am'
program_transform_name='s,x,x,'
psdir='${docdir}'
required_autoconf_version='2.65'
runstatedir='${localstatedir}/run'
sbindir='${exec_prefix}/sbin'
scriptdir='${pkgvdatadir}'
sharedstatedir='${prefix}/com'
sysconfdir='${prefix}/etc'
system_acdir='${datadir}/aclocal'
target_alias=''

## ----------- ##
## confdefs.h. ##
## ----------- ##

/* confdefs.h */
#define PACKAGE_NAME "GNU Automake"
#define PACKAGE_TARNAME "automake"
#define PACKAGE_VERSION "1.18.1"
#define PACKAGE_STRING "GNU Automake 1.18.1"
#define PACKAGE_BUGREPORT "bug-automake@gnu.org"
#define PACKAGE_URL "https://www.gnu.org/software/automake/"

configure: exit 0

## ---------------------- ##
## Running config.status. ##
## ---------------------- ##

This file was extended by GNU Automake config.status 1.18.1, which was
generated by GNU Autoconf 2.72.  Invocation command line was

  CONFIG_FILES    = 
  CONFIG_HEADERS  = 
  CONFIG_LINKS    = 
  CONFIG_COMMANDS = 
  $ ./config.status --file=-

on LAPTOP-EIS2HJA1


## ---------------------- ##
## Running config.status. ##
## ---------------------- ##

This file was extended by GNU Automake config.status 1.18.1, which was
generated by GNU Autoconf 2.72.  Invocation command line was

  CONFIG_FILES    = 
  CONFIG_HEADERS  = 
  CONFIG_LINKS    = 
  CONFIG_COMMANDS = 
  $ ./config.status --file=-

on LAPTOP-EIS2HJA1


## ---------------------- ##
## Running config.status. ##
## ---------------------- ##

This file was extended by GNU Automake config.status 1.18.1, which was
generated by GNU Autoconf 2.72.  Invocation command line was

  CONFIG_FILES    = 
  CONFIG_HEADERS  = 
  CONFIG_LINKS    = 
  CONFIG_COMMANDS = 
  $ ./config.status --file=-

on LAPTOP-EIS2HJA1


## ---------------------- ##
## Running config.status. ##
## ---------------------- ##

This file was extended by GNU Automake config.status 1.18.1, which was
generated by GNU Autoconf 2.72.  Invocation command line was

  CONFIG_FILES    = 
  CONFIG_HEADERS  = 
  CONFIG_LINKS    = 
  CONFIG_COMMANDS = 
  $ ./config.status --file=-

on LAPTOP-EIS2HJA1


## ---------------------- ##
## Running config.status. ##
## ---------------------- ##

This file was extended by GNU Automake config.status 1.18.1, which was
generated by GNU Autoconf 2.72.  Invocation command line was

  CONFIG_FILES    = 
  CONFIG_HEADERS  = 
  CONFIG_LINKS    = 
  CONFIG_COMMANDS = 
  $ ./config.status --file=-

on LAPTOP-EIS2HJA1


## ---------------------- ##
## Running config.status. ##
## ---------------------- ##

This file was extended by GNU Automake config.status 1.18.1, which was
generated by GNU Autoconf 2.72.  Invocation command line was

  CONFIG_FILES    = 
  CONFIG_HEADERS  = 
  CONFIG_LINKS    = 
  CONFIG_COMMANDS = 
  $ ./config.status --file=-

on LAPTOP-EIS2HJA1


## ---------------------- ##
## Running config.status. ##
## ---------------------- ##

This file was extended by GNU Automake config.status 1.18.1, which was
generated by GNU Autoconf 2.72.  Invocation command line was

  CONFIG_FILES    = 
  CONFIG_HEADERS  = 
  CONFIG_LINKS    = 
  CONFIG_COMMANDS = 
  $ ./config.status --file=-

on LAPTOP-EIS2HJA1

